<?xml version="1.0" encoding="UTF-8"?>
<!-- Generated by org.testng.reporters.JUnitReportReporter -->
<testsuite hostname="Elangovan" failures="0" tests="5" name="Base.BaseScript" time="404.289" errors="0" timestamp="2025-02-23T23:57:28 IST" skipped="0">
  <testcase classname="Base.BaseScript" name="test1" time="111.519"/>
  <testcase classname="Base.BaseScript" name="test2" time="93.960"/>
  <testcase classname="Base.BaseScript" name="test3" time="100.294"/>
  <testcase classname="Base.BaseScript" name="test4" time="97.010"/>
  <testcase classname="Base.BaseScript" name="test5" time="1.506"/>
</testsuite> <!-- Base.BaseScript -->
