<?xml version="1.0" encoding="UTF-8"?>
<!-- Generated by org.testng.reporters.JUnitReportReporter -->
<testsuite hostname="Elangovan" failures="0" tests="1" name="Base.YahooFinance" time="49.434" errors="0" timestamp="2025-02-23T13:39:22 IST" skipped="0">
  <testcase classname="Base.YahooFinance" name="test1" time="49.434"/>
</testsuite> <!-- Base.YahooFinance -->
