<?xml version="1.0" encoding="UTF-8"?>
<!-- Generated by org.testng.reporters.JUnitReportReporter -->
<testsuite hostname="Elangovan" failures="0" tests="5" name="Base.Temp" time="201.742" errors="0" timestamp="2025-02-23T23:26:34 IST" skipped="0">
  <testcase classname="Base.Temp" name="test1" time="49.580"/>
  <testcase classname="Base.Temp" name="test2" time="33.324"/>
  <testcase classname="Base.Temp" name="test3" time="57.841"/>
  <testcase classname="Base.Temp" name="test4" time="59.203"/>
  <testcase classname="Base.Temp" name="test5" time="1.794"/>
</testsuite> <!-- Base.Temp -->
